<?xml version="1.0" encoding="UTF-8"?>
<!-- Generated by org.testng.reporters.JUnitReportReporter -->
<testsuite hostname="GOPINATH-LAPTOP" failures="0" tests="9" name="execution.ProductListExtract" time="962.438" errors="1" timestamp="2022-02-19T18:25:01 IST" skipped="0">
  <testcase classname="execution.ProductListExtract" name="ProductList_Stonepattern" time="89.950"/>
  <system-out/>
  <testcase classname="execution.ProductListExtract" name="ProductList_Mineralpattern" time="91.203"/>
  <system-out/>
  <testcase classname="execution.ProductListExtract" name="ProductList_Macronature" time="131.253"/>
  <system-out/>
  <testcase classname="execution.ProductListExtract" name="ProductList_abstractnature" time="141.313"/>
  <system-out/>
  <testcase classname="execution.ProductListExtract" name="ProductList_WoodTexture" time="110.942"/>
  <system-out/>
  <testcase classname="execution.ProductListExtract" name="ProductList" time="34.215">
    <error message="Cannot invoke &quot;org.openqa.selenium.WebDriver.findElements(org.openqa.selenium.By)&quot; because &quot;this.driver&quot; is null" type="java.lang.NullPointerException">
      <![CDATA[java.lang.NullPointerException: Cannot invoke "org.openqa.selenium.WebDriver.findElements(org.openqa.selenium.By)" because "this.driver" is null
at pageModule.Product_List_page.Product_List(Product_List_page.java:33)
at execution.ProductListExtract.ProductList(ProductListExtract.java:90)
at java.base/jdk.internal.reflect.NativeMethodAccessorImpl.invoke0(Native Method)
at java.base/jdk.internal.reflect.NativeMethodAccessorImpl.invoke(NativeMethodAccessorImpl.java:77)
at java.base/jdk.internal.reflect.DelegatingMethodAccessorImpl.invoke(DelegatingMethodAccessorImpl.java:43)
at java.base/java.lang.reflect.Method.invoke(Method.java:568)
at org.testng.internal.MethodInvocationHelper.invokeMethod(MethodInvocationHelper.java:134)
at org.testng.internal.TestInvoker.invokeMethod(TestInvoker.java:597)
at org.testng.internal.TestInvoker.invokeTestMethod(TestInvoker.java:173)
at org.testng.internal.MethodRunner.runInSequence(MethodRunner.java:46)
at org.testng.internal.TestInvoker$MethodInvocationAgent.invoke(TestInvoker.java:816)
at org.testng.internal.TestInvoker.invokeTestMethods(TestInvoker.java:146)
at org.testng.internal.TestMethodWorker.invokeTestMethods(TestMethodWorker.java:146)
at org.testng.internal.TestMethodWorker.run(TestMethodWorker.java:128)
at java.base/java.util.concurrent.ThreadPoolExecutor.runWorker(ThreadPoolExecutor.java:1136)
at java.base/java.util.concurrent.ThreadPoolExecutor$Worker.run(ThreadPoolExecutor.java:635)
at java.base/java.lang.Thread.run(Thread.java:833)
]]>
    </error>
  </testcase> <!-- ProductList -->
  <system-out/>
  <testcase classname="execution.ProductListExtract" name="ProductList_Flower" time="206.085"/>
  <system-out/>
  <testcase classname="execution.ProductListExtract" name="ProductList_Sky" time="72.563"/>
  <system-out/>
  <testcase classname="execution.ProductListExtract" name="ProductList_Naturespattern" time="84.914"/>
  <system-out/>
</testsuite> <!-- execution.ProductListExtract -->
